Determining if the pthread_create exist failed with the following output:
Change Dir: /home/chengq/libtorch_test/build/CMakeFiles/CMakeTmp

Run Build Command:"/usr/bin/make" "cmTC_bc848/fast"
/usr/bin/make -f CMakeFiles/cmTC_bc848.dir/build.make CMakeFiles/cmTC_bc848.dir/build
make[1]: 进入目录“/home/chengq/libtorch_test/build/CMakeFiles/CMakeTmp”
Building C object CMakeFiles/cmTC_bc848.dir/CheckSymbolExists.c.o
/usr/bin/x86_64-linux-gnu-gcc-7    -o CMakeFiles/cmTC_bc848.dir/CheckSymbolExists.c.o   -c /home/chengq/libtorch_test/build/CMakeFiles/CMakeTmp/CheckSymbolExists.c
Linking C executable cmTC_bc848
/usr/bin/cmake -E cmake_link_script CMakeFiles/cmTC_bc848.dir/link.txt --verbose=1
/usr/bin/x86_64-linux-gnu-gcc-7      -rdynamic CMakeFiles/cmTC_bc848.dir/CheckSymbolExists.c.o  -o cmTC_bc848 
CMakeFiles/cmTC_bc848.dir/CheckSymbolExists.c.o：在函数‘main’中：
CheckSymbolExists.c:(.text+0x1b)：对‘pthread_create’未定义的引用
collect2: error: ld returned 1 exit status
CMakeFiles/cmTC_bc848.dir/build.make:97: recipe for target 'cmTC_bc848' failed
make[1]: *** [cmTC_bc848] Error 1
make[1]: 离开目录“/home/chengq/libtorch_test/build/CMakeFiles/CMakeTmp”
Makefile:126: recipe for target 'cmTC_bc848/fast' failed
make: *** [cmTC_bc848/fast] Error 2

File /home/chengq/libtorch_test/build/CMakeFiles/CMakeTmp/CheckSymbolExists.c:
/* */
#include <pthread.h>

int main(int argc, char** argv)
{
  (void)argv;
#ifndef pthread_create
  return ((int*)(&pthread_create))[argc];
#else
  (void)argc;
  return 0;
#endif
}

Determining if the function pthread_create exists in the pthreads failed with the following output:
Change Dir: /home/chengq/libtorch_test/build/CMakeFiles/CMakeTmp

Run Build Command:"/usr/bin/make" "cmTC_54722/fast"
/usr/bin/make -f CMakeFiles/cmTC_54722.dir/build.make CMakeFiles/cmTC_54722.dir/build
make[1]: 进入目录“/home/chengq/libtorch_test/build/CMakeFiles/CMakeTmp”
Building C object CMakeFiles/cmTC_54722.dir/CheckFunctionExists.c.o
/usr/bin/x86_64-linux-gnu-gcc-7   -DCHECK_FUNCTION_EXISTS=pthread_create   -o CMakeFiles/cmTC_54722.dir/CheckFunctionExists.c.o   -c /usr/share/cmake-3.10/Modules/CheckFunctionExists.c
Linking C executable cmTC_54722
/usr/bin/cmake -E cmake_link_script CMakeFiles/cmTC_54722.dir/link.txt --verbose=1
/usr/bin/x86_64-linux-gnu-gcc-7  -DCHECK_FUNCTION_EXISTS=pthread_create    -rdynamic CMakeFiles/cmTC_54722.dir/CheckFunctionExists.c.o  -o cmTC_54722 -lpthreads 
/usr/bin/ld: 找不到 -lpthreads
collect2: error: ld returned 1 exit status
CMakeFiles/cmTC_54722.dir/build.make:97: recipe for target 'cmTC_54722' failed
make[1]: *** [cmTC_54722] Error 1
make[1]: 离开目录“/home/chengq/libtorch_test/build/CMakeFiles/CMakeTmp”
Makefile:126: recipe for target 'cmTC_54722/fast' failed
make: *** [cmTC_54722/fast] Error 2


